{
  "RSpec": {
    "coverage": {
      "/home/sakshi/appointment_copy/spec/support/factory_bot.rb": {
        "lines": [
          null,
          null,
          1,
          1,
          null
        ]
      },
      "/home/sakshi/appointment_copy/app/controllers/appts_controller.rb": {
        "lines": [
          1,
          1,
          1,
          3,
          3,
          3,
          null,
          0,
          null,
          null,
          null,
          null,
          null,
          null,
          0,
          0,
          null,
          0,
          null,
          null,
          null,
          null,
          null,
          null,
          3,
          3,
          null,
          0,
          null,
          null,
          null,
          1,
          1,
          1,
          null,
          null,
          1,
          null,
          3,
          3,
          3,
          2,
          2,
          null,
          1,
          null,
          0,
          0,
          null,
          null,
          null,
          1,
          0,
          null,
          null,
          null
        ]
      },
      "/home/sakshi/appointment_copy/app/controllers/application_controller.rb": {
        "lines": [
          1,
          1,
          null,
          1,
          1,
          null,
          null,
          1,
          114,
          114,
          114,
          null,
          114,
          0,
          0,
          null,
          null,
          null,
          null,
          1,
          57,
          57,
          57,
          null,
          null,
          null,
          1,
          19,
          0,
          null,
          null,
          null,
          1,
          0,
          0,
          null,
          null,
          null,
          null
        ]
      },
      "/home/sakshi/appointment_copy/spec/controllers/slots_controller_spec.rb": {
        "lines": [
          1,
          1,
          9,
          1,
          8,
          null,
          null,
          1,
          1,
          1,
          1,
          1,
          null,
          null,
          null,
          1,
          1,
          1,
          1,
          1,
          null,
          null,
          null,
          1,
          1,
          2,
          1,
          1,
          1,
          1,
          1,
          null,
          null,
          null,
          1,
          1,
          1,
          1,
          null,
          null,
          null,
          null,
          null,
          1,
          1,
          1,
          1,
          1,
          1,
          null,
          null,
          null,
          1,
          1,
          1,
          1,
          null,
          null,
          null,
          null,
          null,
          1,
          3,
          null,
          1,
          1,
          1,
          1,
          1,
          null,
          null,
          null,
          1,
          1,
          1,
          1,
          1,
          1,
          null,
          null,
          null,
          null
        ]
      },
      "/home/sakshi/appointment_copy/app/controllers/slots_controller.rb": {
        "lines": [
          1,
          1,
          1,
          0,
          0,
          0,
          0,
          0,
          null,
          0,
          null,
          null,
          null,
          null,
          null,
          0,
          null,
          null,
          1,
          1,
          1,
          0,
          0,
          null,
          1,
          1,
          1,
          null,
          0,
          null,
          null,
          null,
          1,
          2,
          2,
          1,
          null,
          1,
          1,
          1,
          null,
          null,
          null,
          1,
          1,
          1,
          1,
          1,
          1,
          1,
          1,
          null,
          null,
          null,
          null,
          null,
          null,
          0,
          null,
          null,
          null,
          1,
          1,
          1,
          1,
          null,
          0,
          null,
          null,
          1,
          1,
          1,
          1,
          null,
          0,
          null,
          null,
          0,
          null,
          null,
          null,
          1,
          1,
          0,
          null,
          null,
          1,
          4,
          null,
          null
        ]
      },
      "/home/sakshi/appointment_copy/spec/controllers/users_controller_spec.rb": {
        "lines": [
          1,
          null,
          1,
          6,
          1,
          6,
          6,
          null,
          null,
          1,
          3,
          null,
          1,
          1,
          1,
          null,
          null,
          1,
          1,
          1,
          4,
          null,
          null,
          null,
          null,
          1,
          1,
          2,
          2,
          null,
          1,
          1,
          1,
          null,
          null,
          null,
          1,
          2,
          null,
          1,
          1,
          1,
          null,
          null,
          null,
          null,
          1,
          2,
          1,
          1,
          1,
          2,
          null,
          null,
          null,
          1,
          1,
          1,
          1,
          1,
          1,
          null,
          null,
          null,
          null
        ]
      },
      "/home/sakshi/appointment_copy/app/controllers/users_controller.rb": {
        "lines": [
          1,
          1,
          1,
          1,
          null,
          1,
          2,
          2,
          null,
          null,
          1,
          2,
          1,
          1,
          null,
          null,
          null,
          null,
          null,
          1,
          0,
          0,
          0,
          0,
          0,
          null,
          0,
          null,
          null,
          null,
          1,
          0,
          0,
          null,
          null,
          1,
          1,
          1,
          1,
          null,
          null,
          1,
          2,
          null,
          null,
          1,
          1,
          null,
          null,
          null,
          null,
          null
        ]
      },
      "/home/sakshi/appointment_copy/spec/models/appt_spec.rb": {
        "lines": [
          1,
          1,
          4,
          4,
          null,
          1,
          1,
          1,
          null,
          null,
          1,
          1,
          1,
          null,
          null,
          1,
          1,
          1,
          null,
          null
        ]
      },
      "/home/sakshi/appointment_copy/app/models/appt.rb": {
        "lines": [
          1,
          1,
          1,
          null
        ]
      },
      "/home/sakshi/appointment_copy/app/models/application_record.rb": {
        "lines": [
          1,
          1,
          null,
          null,
          null,
          null,
          null,
          null
        ]
      },
      "/home/sakshi/appointment_copy/spec/models/role_spec.rb": {
        "lines": [
          1,
          null,
          1,
          1,
          1,
          1,
          null,
          null,
          1,
          1,
          1,
          null,
          null,
          1,
          1,
          1,
          1,
          null,
          1,
          null,
          null,
          null,
          null
        ]
      },
      "/home/sakshi/appointment_copy/app/models/role.rb": {
        "lines": [
          1,
          1,
          1,
          null,
          1,
          null,
          null,
          null,
          null,
          null,
          null
        ]
      },
      "/home/sakshi/appointment_copy/spec/models/slot_spec.rb": {
        "lines": [
          1,
          null,
          1,
          4,
          null,
          1,
          1,
          1,
          null,
          null,
          1,
          1,
          1,
          1,
          null,
          null,
          1,
          1,
          1,
          1,
          null,
          null,
          null
        ]
      },
      "/home/sakshi/appointment_copy/app/models/slot.rb": {
        "lines": [
          1,
          1,
          1,
          null,
          1,
          1,
          null,
          1,
          null,
          1,
          20,
          0,
          null,
          null,
          null,
          null
        ]
      },
      "/home/sakshi/appointment_copy/spec/models/user_spec.rb": {
        "lines": [
          1,
          1,
          8,
          null,
          1,
          null,
          1,
          null,
          null,
          null,
          null,
          null,
          null,
          1,
          1,
          1,
          null,
          null,
          1,
          1,
          1,
          null,
          null,
          1,
          1,
          1,
          null,
          null,
          1,
          1,
          1,
          null,
          null,
          1,
          1,
          1,
          1,
          null,
          null,
          1,
          1,
          1,
          null,
          null,
          1,
          1,
          1,
          null,
          null,
          null,
          null,
          null,
          null,
          null,
          null
        ]
      },
      "/home/sakshi/appointment_copy/app/models/user.rb": {
        "lines": [
          null,
          1,
          1,
          1,
          1,
          1,
          1,
          1,
          1,
          null,
          null,
          null,
          1,
          19,
          null,
          null,
          1,
          0,
          null,
          null,
          1,
          0,
          null,
          null,
          null
        ]
      },
      "/home/sakshi/appointment_copy/app/models/ability.rb": {
        "lines": [
          1,
          1,
          null,
          1,
          16,
          16,
          16,
          16,
          0,
          0,
          0,
          0,
          0,
          0,
          0,
          0,
          0,
          0,
          0,
          0,
          0,
          0,
          null,
          null,
          null,
          null
        ]
      },
      "/home/sakshi/appointment_copy/app/serializers/user_serializer.rb": {
        "lines": [
          1,
          1,
          null
        ]
      }
    },
    "timestamp": 1707981336
  }
}
